Determining if the pthread_create exist failed with the following output:
Change Dir: /home/kartik/Documents/SensorFusion_ws/build/CMakeFiles/CMakeTmp

Run Build Command:"/usr/bin/make" "cmTC_3a4cf/fast"
/usr/bin/make -f CMakeFiles/cmTC_3a4cf.dir/build.make CMakeFiles/cmTC_3a4cf.dir/build
make[1]: Entering directory '/home/kartik/Documents/SensorFusion_ws/build/CMakeFiles/CMakeTmp'
Building C object CMakeFiles/cmTC_3a4cf.dir/CheckSymbolExists.c.o
/usr/bin/cc    -o CMakeFiles/cmTC_3a4cf.dir/CheckSymbolExists.c.o   -c /home/kartik/Documents/SensorFusion_ws/build/CMakeFiles/CMakeTmp/CheckSymbolExists.c
Linking C executable cmTC_3a4cf
/usr/bin/cmake -E cmake_link_script CMakeFiles/cmTC_3a4cf.dir/link.txt --verbose=1
/usr/bin/cc      -rdynamic CMakeFiles/cmTC_3a4cf.dir/CheckSymbolExists.c.o  -o cmTC_3a4cf 
CMakeFiles/cmTC_3a4cf.dir/CheckSymbolExists.c.o: In function `main':
CheckSymbolExists.c:(.text+0x1b): undefined reference to `pthread_create'
collect2: error: ld returned 1 exit status
CMakeFiles/cmTC_3a4cf.dir/build.make:97: recipe for target 'cmTC_3a4cf' failed
make[1]: *** [cmTC_3a4cf] Error 1
make[1]: Leaving directory '/home/kartik/Documents/SensorFusion_ws/build/CMakeFiles/CMakeTmp'
Makefile:126: recipe for target 'cmTC_3a4cf/fast' failed
make: *** [cmTC_3a4cf/fast] Error 2

File /home/kartik/Documents/SensorFusion_ws/build/CMakeFiles/CMakeTmp/CheckSymbolExists.c:
/* */
#include <pthread.h>

int main(int argc, char** argv)
{
  (void)argv;
#ifndef pthread_create
  return ((int*)(&pthread_create))[argc];
#else
  (void)argc;
  return 0;
#endif
}

Determining if the function pthread_create exists in the pthreads failed with the following output:
Change Dir: /home/kartik/Documents/SensorFusion_ws/build/CMakeFiles/CMakeTmp

Run Build Command:"/usr/bin/make" "cmTC_4d069/fast"
/usr/bin/make -f CMakeFiles/cmTC_4d069.dir/build.make CMakeFiles/cmTC_4d069.dir/build
make[1]: Entering directory '/home/kartik/Documents/SensorFusion_ws/build/CMakeFiles/CMakeTmp'
Building C object CMakeFiles/cmTC_4d069.dir/CheckFunctionExists.c.o
/usr/bin/cc   -DCHECK_FUNCTION_EXISTS=pthread_create   -o CMakeFiles/cmTC_4d069.dir/CheckFunctionExists.c.o   -c /usr/share/cmake-3.10/Modules/CheckFunctionExists.c
Linking C executable cmTC_4d069
/usr/bin/cmake -E cmake_link_script CMakeFiles/cmTC_4d069.dir/link.txt --verbose=1
/usr/bin/cc  -DCHECK_FUNCTION_EXISTS=pthread_create    -rdynamic CMakeFiles/cmTC_4d069.dir/CheckFunctionExists.c.o  -o cmTC_4d069 -lpthreads 
/usr/bin/ld: cannot find -lpthreads
collect2: error: ld returned 1 exit status
CMakeFiles/cmTC_4d069.dir/build.make:97: recipe for target 'cmTC_4d069' failed
make[1]: *** [cmTC_4d069] Error 1
make[1]: Leaving directory '/home/kartik/Documents/SensorFusion_ws/build/CMakeFiles/CMakeTmp'
Makefile:126: recipe for target 'cmTC_4d069/fast' failed
make: *** [cmTC_4d069/fast] Error 2


